[0.752s] Invoking command in '/home/lee/kuLimo/colcon_ws/src/hello_ros2': PYTHONPATH=/home/lee/kuLimo/colcon_ws/src/build/hello_ros2/prefix_override:/usr/lib/python3/dist-packages/colcon_core/task/python/colcon_distutils_commands:/home/lee/kuLimo/colcon_ws/src/install/hello_ros2/lib/python3.10/site-packages:${PYTHONPATH} /usr/bin/python3 -W ignore:setup.py install is deprecated -W ignore:easy_install command is deprecated setup.py egg_info --egg-base ../build/hello_ros2 build --build-base /home/lee/kuLimo/colcon_ws/src/build/hello_ros2/build install --record /home/lee/kuLimo/colcon_ws/src/build/hello_ros2/install.log --single-version-externally-managed install_data
[1.355s] running egg_info
[1.357s] creating ../build/hello_ros2/hello_ros2.egg-info
[1.358s] writing ../build/hello_ros2/hello_ros2.egg-info/PKG-INFO
[1.360s] writing dependency_links to ../build/hello_ros2/hello_ros2.egg-info/dependency_links.txt
[1.360s] writing entry points to ../build/hello_ros2/hello_ros2.egg-info/entry_points.txt
[1.361s] writing requirements to ../build/hello_ros2/hello_ros2.egg-info/requires.txt
[1.363s] writing top-level names to ../build/hello_ros2/hello_ros2.egg-info/top_level.txt
[1.363s] writing manifest file '../build/hello_ros2/hello_ros2.egg-info/SOURCES.txt'
[1.370s] reading manifest file '../build/hello_ros2/hello_ros2.egg-info/SOURCES.txt'
[1.372s] writing manifest file '../build/hello_ros2/hello_ros2.egg-info/SOURCES.txt'
[1.373s] running build
[1.373s] running build_py
[1.373s] creating /home/lee/kuLimo/colcon_ws/src/build/hello_ros2/build
[1.374s] creating /home/lee/kuLimo/colcon_ws/src/build/hello_ros2/build/lib
[1.374s] creating /home/lee/kuLimo/colcon_ws/src/build/hello_ros2/build/lib/hello_ros2
[1.375s] copying hello_ros2/__init__.py -> /home/lee/kuLimo/colcon_ws/src/build/hello_ros2/build/lib/hello_ros2
[1.376s] copying hello_ros2/hello_ros2.py -> /home/lee/kuLimo/colcon_ws/src/build/hello_ros2/build/lib/hello_ros2
[1.377s] running install
[1.378s] running install_lib
[1.382s] creating /home/lee/kuLimo/colcon_ws/src/install/hello_ros2/lib/python3.10/site-packages/hello_ros2
[1.382s] copying /home/lee/kuLimo/colcon_ws/src/build/hello_ros2/build/lib/hello_ros2/__init__.py -> /home/lee/kuLimo/colcon_ws/src/install/hello_ros2/lib/python3.10/site-packages/hello_ros2
[1.382s] copying /home/lee/kuLimo/colcon_ws/src/build/hello_ros2/build/lib/hello_ros2/hello_ros2.py -> /home/lee/kuLimo/colcon_ws/src/install/hello_ros2/lib/python3.10/site-packages/hello_ros2
[1.383s] byte-compiling /home/lee/kuLimo/colcon_ws/src/install/hello_ros2/lib/python3.10/site-packages/hello_ros2/__init__.py to __init__.cpython-310.pyc
[1.384s] byte-compiling /home/lee/kuLimo/colcon_ws/src/install/hello_ros2/lib/python3.10/site-packages/hello_ros2/hello_ros2.py to hello_ros2.cpython-310.pyc
[1.386s] running install_data
[1.387s] creating /home/lee/kuLimo/colcon_ws/src/install/hello_ros2/share/ament_index
[1.387s] creating /home/lee/kuLimo/colcon_ws/src/install/hello_ros2/share/ament_index/resource_index
[1.387s] creating /home/lee/kuLimo/colcon_ws/src/install/hello_ros2/share/ament_index/resource_index/packages
[1.387s] copying resource/hello_ros2 -> /home/lee/kuLimo/colcon_ws/src/install/hello_ros2/share/ament_index/resource_index/packages
[1.388s] copying package.xml -> /home/lee/kuLimo/colcon_ws/src/install/hello_ros2/share/hello_ros2
[1.389s] running install_egg_info
[1.393s] Copying ../build/hello_ros2/hello_ros2.egg-info to /home/lee/kuLimo/colcon_ws/src/install/hello_ros2/lib/python3.10/site-packages/hello_ros2-0.0.0-py3.10.egg-info
[1.394s] running install_scripts
[1.461s] Installing hello_ros script to /home/lee/kuLimo/colcon_ws/src/install/hello_ros2/lib/hello_ros2
[1.461s] writing list of installed files to '/home/lee/kuLimo/colcon_ws/src/build/hello_ros2/install.log'
[1.535s] Invoked command in '/home/lee/kuLimo/colcon_ws/src/hello_ros2' returned '0': PYTHONPATH=/home/lee/kuLimo/colcon_ws/src/build/hello_ros2/prefix_override:/usr/lib/python3/dist-packages/colcon_core/task/python/colcon_distutils_commands:/home/lee/kuLimo/colcon_ws/src/install/hello_ros2/lib/python3.10/site-packages:${PYTHONPATH} /usr/bin/python3 -W ignore:setup.py install is deprecated -W ignore:easy_install command is deprecated setup.py egg_info --egg-base ../build/hello_ros2 build --build-base /home/lee/kuLimo/colcon_ws/src/build/hello_ros2/build install --record /home/lee/kuLimo/colcon_ws/src/build/hello_ros2/install.log --single-version-externally-managed install_data
