[0.127s] DEBUG:colcon:Command line arguments: ['/usr/bin/colcon', 'build']
[0.127s] DEBUG:colcon:Parsed command line arguments: Namespace(log_base=None, log_level=None, verb_name='build', build_base='build', install_base='install', merge_install=False, symlink_install=False, test_result_base=None, continue_on_error=False, executor='parallel', parallel_workers=2, event_handlers=None, ignore_user_meta=False, metas=['./colcon.meta'], base_paths=['.'], packages_ignore=None, packages_ignore_regex=None, paths=None, packages_up_to=None, packages_up_to_regex=None, packages_above=None, packages_above_and_dependencies=None, packages_above_depth=None, packages_select_by_dep=None, packages_skip_by_dep=None, packages_skip_up_to=None, packages_select_build_failed=False, packages_skip_build_finished=False, packages_select_test_failures=False, packages_skip_test_passed=False, packages_select=None, packages_skip=None, packages_select_regex=None, packages_skip_regex=None, packages_start=None, packages_end=None, allow_overriding=[], cmake_args=None, cmake_target=None, cmake_target_skip_unavailable=False, cmake_clean_cache=False, cmake_clean_first=False, cmake_force_configure=False, ament_cmake_args=None, catkin_cmake_args=None, catkin_skip_building_tests=False, mixin_files=None, mixin=None, verb_parser=<colcon_mixin.mixin.mixin_argument.MixinArgumentDecorator object at 0x72b58034d720>, verb_extension=<colcon_core.verb.build.BuildVerb object at 0x72b58034d1e0>, main=<bound method BuildVerb.main of <colcon_core.verb.build.BuildVerb object at 0x72b58034d1e0>>, mixin_verb=('build',))
[0.324s] Level 1:colcon.colcon_core.package_discovery:discover_packages(colcon_meta) check parameters
[0.324s] Level 1:colcon.colcon_core.package_discovery:discover_packages(recursive) check parameters
[0.324s] Level 1:colcon.colcon_core.package_discovery:discover_packages(ignore) check parameters
[0.324s] Level 1:colcon.colcon_core.package_discovery:discover_packages(path) check parameters
[0.324s] Level 1:colcon.colcon_core.package_discovery:discover_packages(colcon_meta) discover
[0.324s] Level 1:colcon.colcon_core.package_discovery:discover_packages(recursive) discover
[0.324s] INFO:colcon.colcon_core.package_discovery:Crawling recursively for packages in '/home/lee/kuLimo/colcon_ws/src'
[0.324s] Level 1:colcon.colcon_core.package_identification:_identify(.) by extensions ['ignore', 'ignore_ament_install']
[0.324s] Level 1:colcon.colcon_core.package_identification:_identify(.) by extension 'ignore'
[0.325s] Level 1:colcon.colcon_core.package_identification:_identify(.) by extension 'ignore_ament_install'
[0.325s] Level 1:colcon.colcon_core.package_identification:_identify(.) by extensions ['colcon_pkg']
[0.325s] Level 1:colcon.colcon_core.package_identification:_identify(.) by extension 'colcon_pkg'
[0.325s] Level 1:colcon.colcon_core.package_identification:_identify(.) by extensions ['colcon_meta']
[0.325s] Level 1:colcon.colcon_core.package_identification:_identify(.) by extension 'colcon_meta'
[0.325s] Level 1:colcon.colcon_core.package_identification:_identify(.) by extensions ['ros']
[0.325s] Level 1:colcon.colcon_core.package_identification:_identify(.) by extension 'ros'
[0.338s] Level 1:colcon.colcon_core.package_identification:_identify(.) by extensions ['cmake', 'python']
[0.338s] Level 1:colcon.colcon_core.package_identification:_identify(.) by extension 'cmake'
[0.338s] Level 1:colcon.colcon_core.package_identification:_identify(.) by extension 'python'
[0.338s] Level 1:colcon.colcon_core.package_identification:_identify(.) by extensions ['python_setup_py']
[0.338s] Level 1:colcon.colcon_core.package_identification:_identify(.) by extension 'python_setup_py'
[0.338s] Level 1:colcon.colcon_core.package_identification:_identify(build) by extensions ['ignore', 'ignore_ament_install']
[0.338s] Level 1:colcon.colcon_core.package_identification:_identify(build) by extension 'ignore'
[0.338s] Level 1:colcon.colcon_core.package_identification:_identify(build) ignored
[0.338s] Level 1:colcon.colcon_core.package_identification:_identify(hello_ros2) by extensions ['ignore', 'ignore_ament_install']
[0.339s] Level 1:colcon.colcon_core.package_identification:_identify(hello_ros2) by extension 'ignore'
[0.339s] Level 1:colcon.colcon_core.package_identification:_identify(hello_ros2) by extension 'ignore_ament_install'
[0.339s] Level 1:colcon.colcon_core.package_identification:_identify(hello_ros2) by extensions ['colcon_pkg']
[0.339s] Level 1:colcon.colcon_core.package_identification:_identify(hello_ros2) by extension 'colcon_pkg'
[0.339s] Level 1:colcon.colcon_core.package_identification:_identify(hello_ros2) by extensions ['colcon_meta']
[0.339s] Level 1:colcon.colcon_core.package_identification:_identify(hello_ros2) by extension 'colcon_meta'
[0.339s] Level 1:colcon.colcon_core.package_identification:_identify(hello_ros2) by extensions ['ros']
[0.339s] Level 1:colcon.colcon_core.package_identification:_identify(hello_ros2) by extension 'ros'
[0.341s] DEBUG:colcon.colcon_core.package_identification:Package 'hello_ros2' with type 'ros.ament_python' and name 'hello_ros2'
[0.342s] Level 1:colcon.colcon_core.package_identification:_identify(install) by extensions ['ignore', 'ignore_ament_install']
[0.342s] Level 1:colcon.colcon_core.package_identification:_identify(install) by extension 'ignore'
[0.342s] Level 1:colcon.colcon_core.package_identification:_identify(install) ignored
[0.342s] Level 1:colcon.colcon_core.package_identification:_identify(log) by extensions ['ignore', 'ignore_ament_install']
[0.342s] Level 1:colcon.colcon_core.package_identification:_identify(log) by extension 'ignore'
[0.342s] Level 1:colcon.colcon_core.package_identification:_identify(log) ignored
[0.342s] Level 1:colcon.colcon_core.package_discovery:discover_packages(recursive) using defaults
[0.342s] Level 1:colcon.colcon_core.package_discovery:discover_packages(ignore) discover
[0.342s] Level 1:colcon.colcon_core.package_discovery:discover_packages(ignore) using defaults
[0.342s] Level 1:colcon.colcon_core.package_discovery:discover_packages(path) discover
[0.342s] Level 1:colcon.colcon_core.package_discovery:discover_packages(path) using defaults
[0.366s] Level 1:colcon.colcon_core.package_discovery:discover_packages(prefix_path) check parameters
[0.366s] Level 1:colcon.colcon_core.package_discovery:discover_packages(prefix_path) discover
[0.386s] WARNING:colcon.colcon_ros.prefix_path.ament:The path '/home/lee/kuLimo/colcon_ws/src/install/hello_ros2' in the environment variable AMENT_PREFIX_PATH doesn't exist
[0.388s] DEBUG:colcon.colcon_installed_package_information.package_discovery:Found 0 installed packages in /home/lee/kuLimo/colcon_ws/src/install
[0.389s] DEBUG:colcon.colcon_installed_package_information.package_discovery:Found 271 installed packages in /opt/ros/humble
[0.391s] Level 1:colcon.colcon_core.package_discovery:discover_packages(prefix_path) using defaults
[0.433s] Level 5:colcon.colcon_core.verb:set package 'hello_ros2' build argument 'cmake_args' from command line to 'None'
[0.433s] Level 5:colcon.colcon_core.verb:set package 'hello_ros2' build argument 'cmake_target' from command line to 'None'
[0.433s] Level 5:colcon.colcon_core.verb:set package 'hello_ros2' build argument 'cmake_target_skip_unavailable' from command line to 'False'
[0.433s] Level 5:colcon.colcon_core.verb:set package 'hello_ros2' build argument 'cmake_clean_cache' from command line to 'False'
[0.434s] Level 5:colcon.colcon_core.verb:set package 'hello_ros2' build argument 'cmake_clean_first' from command line to 'False'
[0.434s] Level 5:colcon.colcon_core.verb:set package 'hello_ros2' build argument 'cmake_force_configure' from command line to 'False'
[0.434s] Level 5:colcon.colcon_core.verb:set package 'hello_ros2' build argument 'ament_cmake_args' from command line to 'None'
[0.434s] Level 5:colcon.colcon_core.verb:set package 'hello_ros2' build argument 'catkin_cmake_args' from command line to 'None'
[0.434s] Level 5:colcon.colcon_core.verb:set package 'hello_ros2' build argument 'catkin_skip_building_tests' from command line to 'False'
[0.434s] DEBUG:colcon.colcon_core.verb:Building package 'hello_ros2' with the following arguments: {'ament_cmake_args': None, 'build_base': '/home/lee/kuLimo/colcon_ws/src/build/hello_ros2', 'catkin_cmake_args': None, 'catkin_skip_building_tests': False, 'cmake_args': None, 'cmake_clean_cache': False, 'cmake_clean_first': False, 'cmake_force_configure': False, 'cmake_target': None, 'cmake_target_skip_unavailable': False, 'install_base': '/home/lee/kuLimo/colcon_ws/src/install/hello_ros2', 'merge_install': False, 'path': '/home/lee/kuLimo/colcon_ws/src/hello_ros2', 'symlink_install': False, 'test_result_base': None}
[0.434s] INFO:colcon.colcon_core.executor:Executing jobs using 'parallel' executor
[0.436s] DEBUG:colcon.colcon_parallel_executor.executor.parallel:run_until_complete
[0.436s] INFO:colcon.colcon_ros.task.ament_python.build:Building ROS package in '/home/lee/kuLimo/colcon_ws/src/hello_ros2' with build type 'ament_python'
[0.437s] Level 1:colcon.colcon_core.shell:create_environment_hook('hello_ros2', 'ament_prefix_path')
[0.439s] INFO:colcon.colcon_core.plugin_system:Skipping extension 'colcon_core.shell.bat': Not used on non-Windows systems
[0.439s] INFO:colcon.colcon_core.shell:Creating environment hook '/home/lee/kuLimo/colcon_ws/src/install/hello_ros2/share/hello_ros2/hook/ament_prefix_path.ps1'
[0.440s] INFO:colcon.colcon_core.shell:Creating environment descriptor '/home/lee/kuLimo/colcon_ws/src/install/hello_ros2/share/hello_ros2/hook/ament_prefix_path.dsv'
[0.441s] INFO:colcon.colcon_core.shell:Creating environment hook '/home/lee/kuLimo/colcon_ws/src/install/hello_ros2/share/hello_ros2/hook/ament_prefix_path.sh'
[0.442s] INFO:colcon.colcon_core.shell:Skip shell extension 'powershell' for command environment: Not usable outside of PowerShell
[0.442s] DEBUG:colcon.colcon_core.shell:Skip shell extension 'dsv' for command environment
[0.753s] INFO:colcon.colcon_core.task.python.build:Building Python package in '/home/lee/kuLimo/colcon_ws/src/hello_ros2'
[0.753s] INFO:colcon.colcon_core.shell:Skip shell extension 'powershell' for command environment: Not usable outside of PowerShell
[0.753s] DEBUG:colcon.colcon_core.shell:Skip shell extension 'dsv' for command environment
[1.190s] DEBUG:colcon.colcon_core.event_handler.log_command:Invoking command in '/home/lee/kuLimo/colcon_ws/src/hello_ros2': PYTHONPATH=/home/lee/kuLimo/colcon_ws/src/build/hello_ros2/prefix_override:/usr/lib/python3/dist-packages/colcon_core/task/python/colcon_distutils_commands:/home/lee/kuLimo/colcon_ws/src/install/hello_ros2/lib/python3.10/site-packages:${PYTHONPATH} /usr/bin/python3 -W ignore:setup.py install is deprecated -W ignore:easy_install command is deprecated setup.py egg_info --egg-base ../build/hello_ros2 build --build-base /home/lee/kuLimo/colcon_ws/src/build/hello_ros2/build install --record /home/lee/kuLimo/colcon_ws/src/build/hello_ros2/install.log --single-version-externally-managed install_data
[1.972s] DEBUG:colcon.colcon_core.event_handler.log_command:Invoked command in '/home/lee/kuLimo/colcon_ws/src/hello_ros2' returned '0': PYTHONPATH=/home/lee/kuLimo/colcon_ws/src/build/hello_ros2/prefix_override:/usr/lib/python3/dist-packages/colcon_core/task/python/colcon_distutils_commands:/home/lee/kuLimo/colcon_ws/src/install/hello_ros2/lib/python3.10/site-packages:${PYTHONPATH} /usr/bin/python3 -W ignore:setup.py install is deprecated -W ignore:easy_install command is deprecated setup.py egg_info --egg-base ../build/hello_ros2 build --build-base /home/lee/kuLimo/colcon_ws/src/build/hello_ros2/build install --record /home/lee/kuLimo/colcon_ws/src/build/hello_ros2/install.log --single-version-externally-managed install_data
[1.975s] Level 1:colcon.colcon_core.environment:checking '/home/lee/kuLimo/colcon_ws/src/install/hello_ros2' for CMake module files
[1.975s] Level 1:colcon.colcon_core.environment:checking '/home/lee/kuLimo/colcon_ws/src/install/hello_ros2' for CMake config files
[1.976s] Level 1:colcon.colcon_core.environment:checking '/home/lee/kuLimo/colcon_ws/src/install/hello_ros2/lib'
[1.976s] Level 1:colcon.colcon_core.environment:checking '/home/lee/kuLimo/colcon_ws/src/install/hello_ros2/bin'
[1.977s] Level 1:colcon.colcon_core.environment:checking '/home/lee/kuLimo/colcon_ws/src/install/hello_ros2/lib/pkgconfig/hello_ros2.pc'
[1.977s] Level 1:colcon.colcon_core.environment:checking '/home/lee/kuLimo/colcon_ws/src/install/hello_ros2/lib/python3.10/site-packages'
[1.977s] Level 1:colcon.colcon_core.shell:create_environment_hook('hello_ros2', 'pythonpath')
[1.977s] INFO:colcon.colcon_core.shell:Creating environment hook '/home/lee/kuLimo/colcon_ws/src/install/hello_ros2/share/hello_ros2/hook/pythonpath.ps1'
[1.978s] INFO:colcon.colcon_core.shell:Creating environment descriptor '/home/lee/kuLimo/colcon_ws/src/install/hello_ros2/share/hello_ros2/hook/pythonpath.dsv'
[1.978s] INFO:colcon.colcon_core.shell:Creating environment hook '/home/lee/kuLimo/colcon_ws/src/install/hello_ros2/share/hello_ros2/hook/pythonpath.sh'
[1.979s] Level 1:colcon.colcon_core.environment:checking '/home/lee/kuLimo/colcon_ws/src/install/hello_ros2/bin'
[1.979s] Level 1:colcon.colcon_core.environment:create_environment_scripts_only(hello_ros2)
[1.979s] INFO:colcon.colcon_core.shell:Creating package script '/home/lee/kuLimo/colcon_ws/src/install/hello_ros2/share/hello_ros2/package.ps1'
[1.981s] INFO:colcon.colcon_core.shell:Creating package descriptor '/home/lee/kuLimo/colcon_ws/src/install/hello_ros2/share/hello_ros2/package.dsv'
[1.983s] INFO:colcon.colcon_core.shell:Creating package script '/home/lee/kuLimo/colcon_ws/src/install/hello_ros2/share/hello_ros2/package.sh'
[1.984s] INFO:colcon.colcon_core.shell:Creating package script '/home/lee/kuLimo/colcon_ws/src/install/hello_ros2/share/hello_ros2/package.bash'
[1.985s] INFO:colcon.colcon_core.shell:Creating package script '/home/lee/kuLimo/colcon_ws/src/install/hello_ros2/share/hello_ros2/package.zsh'
[1.985s] Level 1:colcon.colcon_core.environment:create_file_with_runtime_dependencies(/home/lee/kuLimo/colcon_ws/src/install/hello_ros2/share/colcon-core/packages/hello_ros2)
[1.986s] DEBUG:colcon.colcon_parallel_executor.executor.parallel:closing loop
[1.986s] DEBUG:colcon.colcon_parallel_executor.executor.parallel:loop closed
[1.986s] DEBUG:colcon.colcon_parallel_executor.executor.parallel:run_until_complete finished with '0'
[1.986s] DEBUG:colcon.colcon_core.event_reactor:joining thread
[1.994s] INFO:colcon.colcon_core.plugin_system:Skipping extension 'colcon_notification.desktop_notification.terminal_notifier': Not used on non-Darwin systems
[1.994s] INFO:colcon.colcon_core.plugin_system:Skipping extension 'colcon_notification.desktop_notification.win32': Not used on non-Windows systems
[1.995s] INFO:colcon.colcon_notification.desktop_notification:Sending desktop notification using 'notify2'
[2.009s] DEBUG:colcon.colcon_core.event_reactor:joined thread
[2.010s] INFO:colcon.colcon_core.shell:Creating prefix script '/home/lee/kuLimo/colcon_ws/src/install/local_setup.ps1'
[2.012s] INFO:colcon.colcon_core.shell:Creating prefix util module '/home/lee/kuLimo/colcon_ws/src/install/_local_setup_util_ps1.py'
[2.016s] INFO:colcon.colcon_core.shell:Creating prefix chain script '/home/lee/kuLimo/colcon_ws/src/install/setup.ps1'
[2.018s] INFO:colcon.colcon_core.shell:Creating prefix script '/home/lee/kuLimo/colcon_ws/src/install/local_setup.sh'
[2.019s] INFO:colcon.colcon_core.shell:Creating prefix util module '/home/lee/kuLimo/colcon_ws/src/install/_local_setup_util_sh.py'
[2.019s] INFO:colcon.colcon_core.shell:Creating prefix chain script '/home/lee/kuLimo/colcon_ws/src/install/setup.sh'
[2.021s] INFO:colcon.colcon_core.shell:Creating prefix script '/home/lee/kuLimo/colcon_ws/src/install/local_setup.bash'
[2.021s] INFO:colcon.colcon_core.shell:Creating prefix chain script '/home/lee/kuLimo/colcon_ws/src/install/setup.bash'
[2.022s] INFO:colcon.colcon_core.shell:Creating prefix script '/home/lee/kuLimo/colcon_ws/src/install/local_setup.zsh'
[2.023s] INFO:colcon.colcon_core.shell:Creating prefix chain script '/home/lee/kuLimo/colcon_ws/src/install/setup.zsh'
