[1.093s] Invoking command in '/home/lee/kuLimo/colcon_ws/src/hello_ros2': PYTHONPATH=/home/lee/kuLimo/colcon_ws/src/build/hello_ros2/prefix_override:/usr/lib/python3/dist-packages/colcon_core/task/python/colcon_distutils_commands:/home/lee/kuLimo/colcon_ws/src/install/hello_ros2/lib/python3.10/site-packages:${PYTHONPATH} /usr/bin/python3 -W ignore:setup.py install is deprecated -W ignore:easy_install command is deprecated setup.py egg_info --egg-base ../build/hello_ros2 build --build-base /home/lee/kuLimo/colcon_ws/src/build/hello_ros2/build install --record /home/lee/kuLimo/colcon_ws/src/build/hello_ros2/install.log --single-version-externally-managed install_data
[1.371s] running egg_info
[1.371s] writing ../build/hello_ros2/hello_ros2.egg-info/PKG-INFO
[1.371s] writing dependency_links to ../build/hello_ros2/hello_ros2.egg-info/dependency_links.txt
[1.373s] writing entry points to ../build/hello_ros2/hello_ros2.egg-info/entry_points.txt
[1.373s] writing requirements to ../build/hello_ros2/hello_ros2.egg-info/requires.txt
[1.373s] writing top-level names to ../build/hello_ros2/hello_ros2.egg-info/top_level.txt
[1.373s] reading manifest file '../build/hello_ros2/hello_ros2.egg-info/SOURCES.txt'
[1.374s] writing manifest file '../build/hello_ros2/hello_ros2.egg-info/SOURCES.txt'
[1.375s] running build
[1.375s] running build_py
[1.375s] copying hello_ros2/move_turtle.py -> /home/lee/kuLimo/colcon_ws/src/build/hello_ros2/build/lib/hello_ros2
[1.375s] running install
[1.376s] running install_lib
[1.378s] copying /home/lee/kuLimo/colcon_ws/src/build/hello_ros2/build/lib/hello_ros2/move_turtle.py -> /home/lee/kuLimo/colcon_ws/src/install/hello_ros2/lib/python3.10/site-packages/hello_ros2
[1.378s] byte-compiling /home/lee/kuLimo/colcon_ws/src/install/hello_ros2/lib/python3.10/site-packages/hello_ros2/move_turtle.py to move_turtle.cpython-310.pyc
[1.378s] running install_data
[1.378s] running install_egg_info
[1.381s] removing '/home/lee/kuLimo/colcon_ws/src/install/hello_ros2/lib/python3.10/site-packages/hello_ros2-0.0.0-py3.10.egg-info' (and everything under it)
[1.383s] Copying ../build/hello_ros2/hello_ros2.egg-info to /home/lee/kuLimo/colcon_ws/src/install/hello_ros2/lib/python3.10/site-packages/hello_ros2-0.0.0-py3.10.egg-info
[1.383s] running install_scripts
[1.431s] Installing hello_ros script to /home/lee/kuLimo/colcon_ws/src/install/hello_ros2/lib/hello_ros2
[1.433s] Installing move_turtle script to /home/lee/kuLimo/colcon_ws/src/install/hello_ros2/lib/hello_ros2
[1.433s] writing list of installed files to '/home/lee/kuLimo/colcon_ws/src/build/hello_ros2/install.log'
[1.473s] Invoked command in '/home/lee/kuLimo/colcon_ws/src/hello_ros2' returned '0': PYTHONPATH=/home/lee/kuLimo/colcon_ws/src/build/hello_ros2/prefix_override:/usr/lib/python3/dist-packages/colcon_core/task/python/colcon_distutils_commands:/home/lee/kuLimo/colcon_ws/src/install/hello_ros2/lib/python3.10/site-packages:${PYTHONPATH} /usr/bin/python3 -W ignore:setup.py install is deprecated -W ignore:easy_install command is deprecated setup.py egg_info --egg-base ../build/hello_ros2 build --build-base /home/lee/kuLimo/colcon_ws/src/build/hello_ros2/build install --record /home/lee/kuLimo/colcon_ws/src/build/hello_ros2/install.log --single-version-externally-managed install_data
