[0.722s] Invoking command in '/home/lee/kuLimo/colcon_ws/src/hello_ros2': PYTHONPATH=/home/lee/kuLimo/colcon_ws/src/build/hello_ros2/prefix_override:/usr/lib/python3/dist-packages/colcon_core/task/python/colcon_distutils_commands:/home/lee/kuLimo/colcon_ws/src/install/hello_ros2/lib/python3.10/site-packages:${PYTHONPATH} /usr/bin/python3 -W ignore:setup.py install is deprecated -W ignore:easy_install command is deprecated setup.py egg_info --egg-base ../build/hello_ros2 build --build-base /home/lee/kuLimo/colcon_ws/src/build/hello_ros2/build install --record /home/lee/kuLimo/colcon_ws/src/build/hello_ros2/install.log --single-version-externally-managed install_data
[0.984s] running egg_info
[0.985s] writing ../build/hello_ros2/hello_ros2.egg-info/PKG-INFO
[0.985s] writing dependency_links to ../build/hello_ros2/hello_ros2.egg-info/dependency_links.txt
[0.985s] writing entry points to ../build/hello_ros2/hello_ros2.egg-info/entry_points.txt
[0.986s] writing requirements to ../build/hello_ros2/hello_ros2.egg-info/requires.txt
[0.986s] writing top-level names to ../build/hello_ros2/hello_ros2.egg-info/top_level.txt
[0.988s] reading manifest file '../build/hello_ros2/hello_ros2.egg-info/SOURCES.txt'
[0.989s] writing manifest file '../build/hello_ros2/hello_ros2.egg-info/SOURCES.txt'
[0.990s] running build
[0.990s] running build_py
[0.990s] copying hello_ros2/hello_ros.py -> /home/lee/kuLimo/colcon_ws/src/build/hello_ros2/build/lib/hello_ros2
[0.990s] running install
[0.990s] running install_lib
[0.991s] copying /home/lee/kuLimo/colcon_ws/src/build/hello_ros2/build/lib/hello_ros2/hello_ros.py -> /home/lee/kuLimo/colcon_ws/src/install/hello_ros2/lib/python3.10/site-packages/hello_ros2
[0.992s] byte-compiling /home/lee/kuLimo/colcon_ws/src/install/hello_ros2/lib/python3.10/site-packages/hello_ros2/hello_ros.py to hello_ros.cpython-310.pyc
[0.992s] running install_data
[0.992s] running install_egg_info
[0.994s] removing '/home/lee/kuLimo/colcon_ws/src/install/hello_ros2/lib/python3.10/site-packages/hello_ros2-0.0.0-py3.10.egg-info' (and everything under it)
[0.998s] Copying ../build/hello_ros2/hello_ros2.egg-info to /home/lee/kuLimo/colcon_ws/src/install/hello_ros2/lib/python3.10/site-packages/hello_ros2-0.0.0-py3.10.egg-info
[0.998s] running install_scripts
[1.023s] Installing hello_ros script to /home/lee/kuLimo/colcon_ws/src/install/hello_ros2/lib/hello_ros2
[1.023s] writing list of installed files to '/home/lee/kuLimo/colcon_ws/src/build/hello_ros2/install.log'
[1.063s] Invoked command in '/home/lee/kuLimo/colcon_ws/src/hello_ros2' returned '0': PYTHONPATH=/home/lee/kuLimo/colcon_ws/src/build/hello_ros2/prefix_override:/usr/lib/python3/dist-packages/colcon_core/task/python/colcon_distutils_commands:/home/lee/kuLimo/colcon_ws/src/install/hello_ros2/lib/python3.10/site-packages:${PYTHONPATH} /usr/bin/python3 -W ignore:setup.py install is deprecated -W ignore:easy_install command is deprecated setup.py egg_info --egg-base ../build/hello_ros2 build --build-base /home/lee/kuLimo/colcon_ws/src/build/hello_ros2/build install --record /home/lee/kuLimo/colcon_ws/src/build/hello_ros2/install.log --single-version-externally-managed install_data
